<?xml version="1.0" encoding="utf-8" standalone="no"?>
<!--This file represents the results of running a test suite-->
<test-results name="Y:\dev\dotnet\community\ndbgate\trunk\lib\nunit\dbgate.nunit" total="72" errors="0" failures="0" not-run="0" inconclusive="0" ignored="0" skipped="0" invalid="0" date="2011-04-23" time="17:51:46">
  <environment nunit-version="2.5.9.10348" clr-version="2.0.50727.4959" os-version="Microsoft Windows NT 6.1.7600.0" platform="Win32NT" cwd="Y:\dev\dotnet\community\ndbgate\trunk\lib\nunit" machine-name="ADIPA-PC" user="Adipa" user-domain="Adipa-PC" />
  <culture-info current-culture="en-US" current-uiculture="en-US" />
  <test-suite type="Project" name="Y:\dev\dotnet\community\ndbgate\trunk\lib\nunit\dbgate.nunit" executed="True" result="Success" success="True" time="9.622" asserts="0">
    <results>
      <test-suite type="Assembly" name="Y:\dev\dotnet\community\ndbgate\trunk\lib\nunit\..\..\dbgate\bin\Debug\dbgate.dll" executed="True" result="Success" success="True" time="9.580" asserts="0">
        <results>
          <test-suite type="Namespace" name="dbgate" executed="True" result="Success" success="True" time="9.578" asserts="0">
            <results>
              <test-suite type="Namespace" name="dbutility" executed="True" result="Success" success="True" time="1.320" asserts="0">
                <results>
                  <test-suite type="TestFixture" name="DbUtilsTests" executed="True" result="Success" success="True" time="1.282" asserts="0">
                    <results>
                      <test-case name="dbgate.dbutility.DbUtilsTests.DbConnector_getConnection_databaseInitialized_shouldCreateConnection" executed="True" result="Success" success="True" time="0.109" asserts="1" />
                    </results>
                  </test-suite>
                </results>
              </test-suite>
              <test-suite type="Namespace" name="ermanagement" executed="True" result="Success" success="True" time="8.151" asserts="0">
                <results>
                  <test-suite type="TestFixture" name="ErManagementChangeTrackerTest" executed="True" result="Success" success="True" time="2.128" asserts="0">
                    <results>
                      <test-case name="dbgate.ermanagement.ErManagementChangeTrackerTest.ERLayer_changeField_WithAutoTrackChangesOff_shouldNotUpdateTheEntityInDb" executed="True" result="Success" success="True" time="0.446" asserts="1" />
                      <test-case name="dbgate.ermanagement.ErManagementChangeTrackerTest.ERLayer_changeField_WithAutoTrackChangesOn_shouldUpdateTheEntityInDb" executed="True" result="Success" success="True" time="0.107" asserts="1" />
                      <test-case name="dbgate.ermanagement.ErManagementChangeTrackerTest.ERLayer_changeOneToManyChild_WithAutoTrackChangesOff_shouldNotUpdateChildInDb" executed="True" result="Success" success="True" time="0.061" asserts="1" />
                      <test-case name="dbgate.ermanagement.ErManagementChangeTrackerTest.ERLayer_changeOneToManyChild_WithAutoTrackChangesOn_shouldUpdateChildInDb" executed="True" result="Success" success="True" time="0.092" asserts="1" />
                      <test-case name="dbgate.ermanagement.ErManagementChangeTrackerTest.ERLayer_changeOneToOneChild_WithAutoTrackChangesOff_shouldNotUpdateChildInDb" executed="True" result="Success" success="True" time="0.108" asserts="1" />
                      <test-case name="dbgate.ermanagement.ErManagementChangeTrackerTest.ERLayer_changeOneToOneChild_WithAutoTrackChangesOn_shouldUpdateChildInDb" executed="True" result="Success" success="True" time="0.055" asserts="1" />
                      <test-case name="dbgate.ermanagement.ErManagementChangeTrackerTest.ERLayer_removeOneToManyChild_WithAutoTrackChangesOff_shouldDeleteChildInDb" executed="True" result="Success" success="True" time="0.064" asserts="1" />
                      <test-case name="dbgate.ermanagement.ErManagementChangeTrackerTest.ERLayer_removeOneToManyChild_WithAutoTrackChangesOn_shouldDeleteChildInDb" executed="True" result="Success" success="True" time="0.048" asserts="1" />
                      <test-case name="dbgate.ermanagement.ErManagementChangeTrackerTest.ERLayer_removeOneToOneChild_WithAutoTrackChangesOff_DeleteChildInDb" executed="True" result="Success" success="True" time="0.051" asserts="1" />
                      <test-case name="dbgate.ermanagement.ErManagementChangeTrackerTest.ERLayer_removeOneToOneChild_WithAutoTrackChangesOn_shouldDeleteChildInDb" executed="True" result="Success" success="True" time="0.044" asserts="1" />
                    </results>
                  </test-suite>
                  <test-suite type="TestFixture" name="ErManagementColumnPersistTests" executed="True" result="Success" success="True" time="1.115" asserts="0">
                    <results>
                      <test-case name="dbgate.ermanagement.ErManagementColumnPersistTests.ERLayer_delete_withAnnotationsDifferentTypesStartWithNullEndWithNull_shouldDelete" executed="True" result="Success" success="True" time="0.126" asserts="1" />
                      <test-case name="dbgate.ermanagement.ErManagementColumnPersistTests.ERLayer_delete_withExtsDifferentTypesStartWithNullEndWithNull_shouldDelete" executed="True" result="Success" success="True" time="0.072" asserts="1" />
                      <test-case name="dbgate.ermanagement.ErManagementColumnPersistTests.ERLayer_delete_withFieldsDifferentTypesStartWithNullEndWithNull_shouldDelete" executed="True" result="Success" success="True" time="0.058" asserts="1" />
                      <test-case name="dbgate.ermanagement.ErManagementColumnPersistTests.ERLayer_insert_withAnnotationsDifferentTypesWithNull_shouldEqualWhenLoaded" executed="True" result="Success" success="True" time="0.061" asserts="17" />
                      <test-case name="dbgate.ermanagement.ErManagementColumnPersistTests.ERLayer_insert_withAnnotationsDifferentTypesWithoutNull_shouldEqualWhenLoaded" executed="True" result="Success" success="True" time="0.042" asserts="17" />
                      <test-case name="dbgate.ermanagement.ErManagementColumnPersistTests.ERLayer_insert_withExtsDifferentTypesWithNull_shouldEqualWhenLoaded" executed="True" result="Success" success="True" time="0.021" asserts="17" />
                      <test-case name="dbgate.ermanagement.ErManagementColumnPersistTests.ERLayer_insert_withExtsDifferentTypesWithoutNull_shouldEqualWhenLoaded" executed="True" result="Success" success="True" time="0.013" asserts="17" />
                      <test-case name="dbgate.ermanagement.ErManagementColumnPersistTests.ERLayer_insert_withFieldsDifferentTypesWithNull_shouldEqualWhenLoaded" executed="True" result="Success" success="True" time="0.022" asserts="17" />
                      <test-case name="dbgate.ermanagement.ErManagementColumnPersistTests.ERLayer_insert_withFieldsDifferentTypesWithoutNull_shouldEqualWhenLoaded" executed="True" result="Success" success="True" time="0.026" asserts="17" />
                      <test-case name="dbgate.ermanagement.ErManagementColumnPersistTests.ERLayer_update_withAnnotationsDifferentTypesStartWithNullEndWithNull_shouldEqualWhenLoaded" executed="True" result="Success" success="True" time="0.041" asserts="17" />
                      <test-case name="dbgate.ermanagement.ErManagementColumnPersistTests.ERLayer_update_withAnnotationsDifferentTypesStartWithNullEndWithoutNull_shouldEqualWhenLoaded" executed="True" result="Success" success="True" time="0.036" asserts="17" />
                      <test-case name="dbgate.ermanagement.ErManagementColumnPersistTests.ERLayer_update_withAnnotationsDifferentTypesStartWithoutNullEndWithNull_shouldEqualWhenLoaded" executed="True" result="Success" success="True" time="0.030" asserts="17" />
                      <test-case name="dbgate.ermanagement.ErManagementColumnPersistTests.ERLayer_update_withAnnotationsDifferentTypesStartWithoutNullEndWithoutNull_shouldEqualWhenLoaded" executed="True" result="Success" success="True" time="0.037" asserts="17" />
                      <test-case name="dbgate.ermanagement.ErManagementColumnPersistTests.ERLayer_update_withExtsDifferentTypesStartWithNullEndWithNull_shouldEqualWhenLoaded" executed="True" result="Success" success="True" time="0.033" asserts="17" />
                      <test-case name="dbgate.ermanagement.ErManagementColumnPersistTests.ERLayer_update_withExtsDifferentTypesStartWithNullEndWithoutNull_shouldEqualWhenLoaded" executed="True" result="Success" success="True" time="0.033" asserts="17" />
                      <test-case name="dbgate.ermanagement.ErManagementColumnPersistTests.ERLayer_update_withExtsDifferentTypesStartWithoutNullEndWithNull_shouldEqualWhenLoaded" executed="True" result="Success" success="True" time="0.056" asserts="17" />
                      <test-case name="dbgate.ermanagement.ErManagementColumnPersistTests.ERLayer_update_withExtsDifferentTypesStartWithoutNullEndWithoutNull_shouldEqualWhenLoaded" executed="True" result="Success" success="True" time="0.033" asserts="17" />
                      <test-case name="dbgate.ermanagement.ErManagementColumnPersistTests.ERLayer_update_withFieldsDifferentTypesStartWithNullEndWithNull_shouldEqualWhenLoaded" executed="True" result="Success" success="True" time="0.036" asserts="17" />
                      <test-case name="dbgate.ermanagement.ErManagementColumnPersistTests.ERLayer_update_withFieldsDifferentTypesStartWithNullEndWithoutNull_shouldEqualWhenLoaded" executed="True" result="Success" success="True" time="0.038" asserts="17" />
                      <test-case name="dbgate.ermanagement.ErManagementColumnPersistTests.ERLayer_update_withFieldsDifferentTypesStartWithoutNullEndWithNull_shouldEqualWhenLoaded" executed="True" result="Success" success="True" time="0.037" asserts="17" />
                      <test-case name="dbgate.ermanagement.ErManagementColumnPersistTests.ERLayer_update_withFieldsDifferentTypesStartWithoutNullEndWithoutNull_shouldEqualWhenLoaded" executed="True" result="Success" success="True" time="0.036" asserts="17" />
                    </results>
                  </test-suite>
                  <test-suite type="TestFixture" name="ErManagementConstraintValidationTest" executed="True" result="Success" success="True" time="0.630" asserts="0">
                    <results>
                      <test-case name="dbgate.ermanagement.ErManagementConstraintValidationTest.ERLayer_deleteOneToManyChild_WithCascadeConstraint_shouldDeleteChild" executed="True" result="Success" success="True" time="0.069" asserts="2" />
                      <test-case name="dbgate.ermanagement.ErManagementConstraintValidationTest.ERLayer_deleteOneToManyChild_WithReverseRelationShip_shouldNotDeleteChild" executed="True" result="Success" success="True" time="0.048" asserts="2" />
                      <test-case name="dbgate.ermanagement.ErManagementConstraintValidationTest.ERLayer_deleteOneToManyRoot_WithCascadeConstraint_shouldDeleteBoth" executed="True" result="Success" success="True" time="0.057" asserts="2" />
                      <test-case name="dbgate.ermanagement.ErManagementConstraintValidationTest.ERLayer_deleteOneToOneChild_WithCascadeConstraint_shouldDeleteChild" executed="True" result="Success" success="True" time="0.047" asserts="2" />
                      <test-case name="dbgate.ermanagement.ErManagementConstraintValidationTest.ERLayer_deleteOneToOneChild_WithReverseRelationShip_shouldNotDeleteChild" executed="True" result="Success" success="True" time="0.040" asserts="2" />
                      <test-case name="dbgate.ermanagement.ErManagementConstraintValidationTest.ERLayer_deleteOneToOneRoot_WithCascadeConstraint_shouldDeleteBoth" executed="True" result="Success" success="True" time="0.048" asserts="2" />
                      <test-case name="dbgate.ermanagement.ErManagementConstraintValidationTest.ERLayer_deleteRootWithOneToManyChild_WithRestrictConstraint_shouldThrowException" executed="True" result="Success" success="True" time="0.088" asserts="0" />
                      <test-case name="dbgate.ermanagement.ErManagementConstraintValidationTest.ERLayer_deleteRootWithOneToManyChild_WithReverseRelationShip_shouldNotDeleteChild" executed="True" result="Success" success="True" time="0.049" asserts="2" />
                      <test-case name="dbgate.ermanagement.ErManagementConstraintValidationTest.ERLayer_deleteRootWithOneToOneChild_WithRestrictConstraint_shouldThrowException" executed="True" result="Success" success="True" time="0.041" asserts="0" />
                      <test-case name="dbgate.ermanagement.ErManagementConstraintValidationTest.ERLayer_deleteRootWithOneToOneChild_WithReverseRelationShip_shouldThrowException" executed="True" result="Success" success="True" time="0.045" asserts="2" />
                    </results>
                  </test-suite>
                  <test-suite type="TestFixture" name="ErManagementCrossReferenceTest" executed="True" result="Success" success="True" time="0.172" asserts="0">
                    <results>
                      <test-case name="dbgate.ermanagement.ErManagementCrossReferenceTest.ERLayer_persistWithOne2ManyChild_WithCrossReference_loadedShouldBeSameAsPersisted" executed="True" result="Success" success="True" time="0.098" asserts="4" />
                      <test-case name="dbgate.ermanagement.ErManagementCrossReferenceTest.ERLayer_persistWithOne2OneChild_WithCrossReference_loadedShouldBeSameAsPersisted" executed="True" result="Success" success="True" time="0.048" asserts="4" />
                    </results>
                  </test-suite>
                  <test-suite type="TestFixture" name="ErManagementFeatureIntegrationTest" executed="True" result="Success" success="True" time="0.753" asserts="0">
                    <results>
                      <test-case name="dbgate.ermanagement.ErManagementFeatureIntegrationTest.ERLayer_persistAndRetrieve_WithComplexStructure_retrievedShouldBeSameAsPersisted" executed="True" result="Success" success="True" time="0.743" asserts="18" />
                    </results>
                  </test-suite>
                  <test-suite type="TestFixture" name="ErManagementInheritancePersistTests" executed="True" result="Success" success="True" time="0.685" asserts="0">
                    <results>
                      <test-case name="dbgate.ermanagement.ErManagementInheritancePersistTests.ERLayer_delete_withAllModesWithBothSubClasses_shouldDelete" executed="True" result="Success" success="True" time="0.253" asserts="18" />
                      <test-case name="dbgate.ermanagement.ErManagementInheritancePersistTests.ERLayer_insert_withAllModesWithBothSubClasses_shouldEqualWhenLoaded" executed="True" result="Success" success="True" time="0.124" asserts="6" />
                      <test-case name="dbgate.ermanagement.ErManagementInheritancePersistTests.ERLayer_update_withAllModesWithBothSubClasses_shouldEqualWhenLoaded" executed="True" result="Success" success="True" time="0.277" asserts="6" />
                    </results>
                  </test-suite>
                  <test-suite type="TestFixture" name="ErManagementMetaDataTests" executed="True" result="Success" success="True" time="1.146" asserts="0">
                    <results>
                      <test-case name="dbgate.ermanagement.ErManagementMetaDataTests.ERLayer_patchDataBase_pathTwice_shouldNotThrowException" executed="True" result="Success" success="True" time="0.671" asserts="0" />
                      <test-case name="dbgate.ermanagement.ErManagementMetaDataTests.ERLayer_patchDataBase_withEmptyDb_shouldCreateForeignKeys_shouldNotAbleToInconsistantData" executed="True" result="Success" success="True" time="0.170" asserts="0" />
                      <test-case name="dbgate.ermanagement.ErManagementMetaDataTests.ERLayer_patchDataBase_withEmptyDb_shouldCreatePrimaryKeys_shouldNotAbleToPutDuplicateData" executed="True" result="Success" success="True" time="0.079" asserts="0" />
                      <test-case name="dbgate.ermanagement.ErManagementMetaDataTests.ERLayer_patchDataBase_withEmptyDb_shouldCreateTables_shouldBeAbleToInsertData" executed="True" result="Success" success="True" time="0.124" asserts="26" />
                    </results>
                  </test-suite>
                  <test-suite type="TestFixture" name="ErManagementTreePersistTests" executed="True" result="Success" success="True" time="0.777" asserts="0">
                    <results>
                      <test-case name="dbgate.ermanagement.ErManagementTreePersistTests.ERLayer_delete_withAnnotationsDifferentTypeOfChildren_shouldEqualWhenLoaded" executed="True" result="Success" success="True" time="0.094" asserts="3" />
                      <test-case name="dbgate.ermanagement.ErManagementTreePersistTests.ERLayer_delete_withExtsDifferentTypeOfChildren_shouldEqualWhenLoaded" executed="True" result="Success" success="True" time="0.089" asserts="3" />
                      <test-case name="dbgate.ermanagement.ErManagementTreePersistTests.ERLayer_delete_withFieldsDifferentTypeOfChildren_shouldEqualWhenLoaded" executed="True" result="Success" success="True" time="0.096" asserts="3" />
                      <test-case name="dbgate.ermanagement.ErManagementTreePersistTests.ERLayer_insert_withAnnotationsDifferentTypeOfChildren_shouldEqualWhenLoaded" executed="True" result="Success" success="True" time="0.058" asserts="1" />
                      <test-case name="dbgate.ermanagement.ErManagementTreePersistTests.ERLayer_insert_withExtsDifferentTypeOfChildren_shouldEqualWhenLoaded" executed="True" result="Success" success="True" time="0.037" asserts="1" />
                      <test-case name="dbgate.ermanagement.ErManagementTreePersistTests.ERLayer_insert_withFieldsDifferentTypeOfChildren_shouldEqualWhenLoaded" executed="True" result="Success" success="True" time="0.050" asserts="1" />
                      <test-case name="dbgate.ermanagement.ErManagementTreePersistTests.ERLayer_update_withAnnotationsDifferentTypeOfChildren_shouldEqualWhenLoaded" executed="True" result="Success" success="True" time="0.088" asserts="1" />
                      <test-case name="dbgate.ermanagement.ErManagementTreePersistTests.ERLayer_update_withExtsDifferentTypeOfChildren_shouldEqualWhenLoaded" executed="True" result="Success" success="True" time="0.086" asserts="1" />
                      <test-case name="dbgate.ermanagement.ErManagementTreePersistTests.ERLayer_update_withFieldsDifferentTypeOfChildren_shouldEqualWhenLoaded" executed="True" result="Success" success="True" time="0.086" asserts="1" />
                    </results>
                  </test-suite>
                  <test-suite type="TestFixture" name="ErManagementVersionTest" executed="True" result="Success" success="True" time="0.640" asserts="0">
                    <results>
                      <test-case name="dbgate.ermanagement.ErManagementVersionTest.ERLayer_one2manyChildUpdateFromAnotherTransaction_WithoutVersionColumnEntity_shouldThrowException" executed="True" result="Success" success="True" time="0.093" asserts="0" />
                      <test-case name="dbgate.ermanagement.ErManagementVersionTest.ERLayer_one2manyChildUpdateFromAnotherTransaction_WithVersionColumnEntity_shouldThrowException" executed="True" result="Success" success="True" time="0.096" asserts="0" />
                      <test-case name="dbgate.ermanagement.ErManagementVersionTest.ERLayer_one2oneChildUpdateFromAnotherTransaction_WithoutVersionColumnEntity_shouldThrowException" executed="True" result="Success" success="True" time="0.078" asserts="0" />
                      <test-case name="dbgate.ermanagement.ErManagementVersionTest.ERLayer_one2oneChildUpdateFromAnotherTransaction_WithVersionColumnEntity_shouldThrowException" executed="True" result="Success" success="True" time="0.077" asserts="0" />
                      <test-case name="dbgate.ermanagement.ErManagementVersionTest.ERLayer_persistTwice_WithoutVersionColumnEntity_shouldNotThrowException" executed="True" result="Success" success="True" time="0.033" asserts="0" />
                      <test-case name="dbgate.ermanagement.ErManagementVersionTest.ERLayer_persistTwice_WithVersionColumnEntity_shouldNotThrowException" executed="True" result="Success" success="True" time="0.042" asserts="0" />
                      <test-case name="dbgate.ermanagement.ErManagementVersionTest.ERLayer_rootUpdateFromAnotherTransaction_WithOutVersionColumnEntity_shouldThrowException" executed="True" result="Success" success="True" time="0.051" asserts="0" />
                      <test-case name="dbgate.ermanagement.ErManagementVersionTest.ERLayer_rootUpdateFromAnotherTransaction_WithVersionColumnEntity_shouldThrowException" executed="True" result="Success" success="True" time="0.054" asserts="0" />
                    </results>
                  </test-suite>
                </results>
              </test-suite>
              <test-suite type="Namespace" name="utility" executed="True" result="Success" success="True" time="0.041" asserts="0">
                <results>
                  <test-suite type="TestFixture" name="StatusManagerTests" executed="True" result="Success" success="True" time="0.040" asserts="0">
                    <results>
                      <test-case name="dbgate.utility.StatusManagerTests.StatusManager_getImmidiateChildrenAndClear_withMultiLevelHirachy_shouldGetChildren" executed="True" result="Success" success="True" time="0.018" asserts="5" />
                      <test-case name="dbgate.utility.StatusManagerTests.StatusManager_isModified_withMultiLevelHirachy_shouldGetStatus" executed="True" result="Success" success="True" time="0.013" asserts="4" />
                      <test-case name="dbgate.utility.StatusManagerTests.StatusManager_setStatus_withMultiLevelHirachy_shouldSetStatus" executed="True" result="Success" success="True" time="0.009" asserts="4" />
                    </results>
                  </test-suite>
                </results>
              </test-suite>
            </results>
          </test-suite>
        </results>
      </test-suite>
    </results>
  </test-suite>
</test-results>